# JRE version: OpenJDK Runtime Environment AdoptOpenJDK (14.0.2+12) (build 14.0.2+12)
# Java VM: OpenJDK 64-Bit Server VM AdoptOpenJDK (14.0.2+12, mixed mode, sharing, tiered, compressed oops, g1 gc, windows-amd64)
Heap:
 garbage-first heap   total 71680K, used 19332K [0x0000000082600000, 0x0000000100000000)
  region size 1024K, 1 young (1024K), 0 survivors (0K)
 Metaspace       used 12843K, capacity 13393K, committed 15616K, reserved 1062912K
  class space    used 1411K, capacity 1577K, committed 2304K, reserved 1048576K
GC Heap History (16 events):
Event: 5.073 GC heap before
{Heap before GC invocations=0 (full 0):
 garbage-first heap   total 129024K, used 23552K [0x0000000082600000, 0x0000000100000000)
  region size 1024K, 23 young (23552K), 0 survivors (0K)
 Metaspace       used 9762K, capacity 10221K, committed 10496K, reserved 1058816K
  class space    used 1249K, capacity 1411K, committed 1536K, reserved 1048576K
}
Event: 5.079 GC heap after
{Heap after GC invocations=1 (full 0):
 garbage-first heap   total 129024K, used 3384K [0x0000000082600000, 0x0000000100000000)
  region size 1024K, 3 young (3072K), 3 survivors (3072K)
 Metaspace       used 9762K, capacity 10221K, committed 10496K, reserved 1058816K
  class space    used 1249K, capacity 1411K, committed 1536K, reserved 1048576K
}
Event: 17.181 GC heap before
{Heap before GC invocations=1 (full 0):
 garbage-first heap   total 129024K, used 35128K [0x0000000082600000, 0x0000000100000000)
  region size 1024K, 33 young (33792K), 3 survivors (3072K)
 Metaspace       used 11860K, capacity 12614K, committed 12800K, reserved 1060864K
  class space    used 1463K, capacity 1697K, committed 1792K, reserved 1048576K
}
Event: 17.189 GC heap after
{Heap after GC invocations=2 (full 0):
 garbage-first heap   total 129024K, used 7513K [0x0000000082600000, 0x0000000100000000)
  region size 1024K, 3 young (3072K), 3 survivors (3072K)
 Metaspace       used 11860K, capacity 12614K, committed 12800K, reserved 1060864K
  class space    used 1463K, capacity 1697K, committed 1792K, reserved 1048576K
}
Event: 22.081 GC heap before
{Heap before GC invocations=2 (full 0):
 garbage-first heap   total 129024K, used 82265K [0x0000000082600000, 0x0000000100000000)
  region size 1024K, 75 young (76800K), 3 survivors (3072K)
 Metaspace       used 12420K, capacity 13212K, committed 13312K, reserved 1060864K
  class space    used 1534K, capacity 1783K, committed 1792K, reserved 1048576K
}
Event: 22.084 GC heap after
{Heap after GC invocations=3 (full 0):
 garbage-first heap   total 129024K, used 7478K [0x0000000082600000, 0x0000000100000000)
  region size 1024K, 3 young (3072K), 3 survivors (3072K)
 Metaspace       used 12420K, capacity 13212K, committed 13312K, reserved 1060864K
  class space    used 1534K, capacity 1783K, committed 1792K, reserved 1048576K
}
Event: 26.053 GC heap before
{Heap before GC invocations=3 (full 0):
 garbage-first heap   total 129024K, used 80182K [0x0000000082600000, 0x0000000100000000)
  region size 1024K, 75 young (76800K), 3 survivors (3072K)
 Metaspace       used 12660K, capacity 13531K, committed 13696K, reserved 1060864K
  class space    used 1562K, capacity 1818K, committed 1920K, reserved 1048576K
}
Event: 26.063 GC heap after
{Heap after GC invocations=4 (full 0):
 garbage-first heap   total 129024K, used 8898K [0x0000000082600000, 0x0000000100000000)
  region size 1024K, 4 young (4096K), 4 survivors (4096K)
 Metaspace       used 12660K, capacity 13531K, committed 13696K, reserved 1060864K
  class space    used 1562K, capacity 1818K, committed 1920K, reserved 1048576K
}
Event: 42.632 GC heap before
{Heap before GC invocations=4 (full 0):
 garbage-first heap   total 129024K, used 59074K [0x0000000082600000, 0x0000000100000000)
  region size 1024K, 50 young (51200K), 4 survivors (4096K)
 Metaspace       used 13324K, capacity 14376K, committed 14592K, reserved 1062912K
  class space    used 1676K, capacity 1989K, committed 2048K, reserved 1048576K
}
Event: 42.680 GC heap after
{Heap after GC invocations=5 (full 0):
 garbage-first heap   total 129024K, used 28666K [0x0000000082600000, 0x0000000100000000)
  region size 1024K, 7 young (7168K), 7 survivors (7168K)
 Metaspace       used 13324K, capacity 14376K, committed 14592K, reserved 1062912K
  class space    used 1676K, capacity 1989K, committed 2048K, reserved 1048576K
}
Event: 55.675 GC heap before
{Heap before GC invocations=5 (full 0):
 garbage-first heap   total 129024K, used 64506K [0x0000000082600000, 0x0000000100000000)
  region size 1024K, 42 young (43008K), 7 survivors (7168K)
 Metaspace       used 13662K, capacity 14866K, committed 14976K, reserved 1062912K
  class space    used 1755K, capacity 2109K, committed 2176K, reserved 1048576K
}
Event: 55.718 GC heap after
{Heap after GC invocations=6 (full 0):
 garbage-first heap   total 129024K, used 39409K [0x0000000082600000, 0x0000000100000000)
  region size 1024K, 6 young (6144K), 6 survivors (6144K)
 Metaspace       used 13662K, capacity 14866K, committed 14976K, reserved 1062912K
  class space    used 1755K, capacity 2109K, committed 2176K, reserved 1048576K
}
Event: 66.416 GC heap before
{Heap before GC invocations=6 (full 0):
 garbage-first heap   total 129024K, used 70129K [0x0000000082600000, 0x0000000100000000)
  region size 1024K, 36 young (36864K), 6 survivors (6144K)
 Metaspace       used 14032K, capacity 15358K, committed 15616K, reserved 1062912K
  class space    used 1819K, capacity 2207K, committed 2304K, reserved 1048576K
}
Event: 66.440 GC heap after
{Heap after GC invocations=7 (full 0):
 garbage-first heap   total 129024K, used 44032K [0x0000000082600000, 0x0000000100000000)
  region size 1024K, 5 young (5120K), 5 survivors (5120K)
 Metaspace       used 14032K, capacity 15358K, committed 15616K, reserved 1062912K
  class space    used 1819K, capacity 2207K, committed 2304K, reserved 1048576K
}
Event: 73.254 GC heap before
{Heap before GC invocations=7 (full 0):
 garbage-first heap   total 129024K, used 62464K [0x0000000082600000, 0x0000000100000000)
  region size 1024K, 24 young (24576K), 5 survivors (5120K)
 Metaspace       used 14170K, capacity 15550K, committed 15616K, reserved 1062912K
  class space    used 1861K, capacity 2271K, committed 2304K, reserved 1048576K
}
Event: 73.321 GC heap after
{Heap after GC invocations=8 (full 1):
 garbage-first heap   total 71680K, used 19332K [0x0000000082600000, 0x0000000100000000)
  region size 1024K, 0 young (0K), 0 survivors (0K)
 Metaspace       used 12837K, capacity 13387K, committed 15616K, reserved 1062912K
  class space    used 1409K, capacity 1575K, committed 2304K, reserved 1048576K
}

