<?xml version="1.0" encoding="UTF-8" ?>
<testsuite errors="0" failures="0" hostname="MSI" name="CalculationTest" skipped="0" tests="26" time="0.059" timestamp="2022-05-16T21:01:31">
  <properties>
[...]
</properties>
  <testcase classname="CalculationTest" name="hitRectangleLowBorder" time="0.002" />
  <testcase classname="CalculationTest" name="hitCircleArchBorder" time="0.0" />
  <testcase classname="CalculationTest" name="hitCircleFarBorder" time="0.0" />
  <testcase classname="CalculationTest" name="hitRectangle" time="0.0" />
  <testcase classname="CalculationTest" name="missTriangleHBorder" time="0.0" />
  <testcase classname="CalculationTest" name="hitRectangleTopBorder" time="0.0" />
  <testcase classname="CalculationTest" name="missCircle" time="0.001" />
  <testcase classname="CalculationTest" name="hitEmptySector" time="0.0" />
  <testcase classname="CalculationTest" name="hitTriangleLowBorder" time="0.0" />
  <testcase classname="CalculationTest" name="hitCircleLowBorder" time="0.0" />
  <testcase classname="CalculationTest" name="hitTriangleTopBorder" time="0.0" />
  <testcase classname="CalculationTest" name="missTriangle" time="0.0" />
  <testcase classname="CalculationTest" name="missRectangle" time="0.0" />
  <testcase classname="CalculationTest" name="missRectangleFarTopBorder" time="0.0" />
  <testcase classname="CalculationTest" name="missRectangleLowBorder" time="0.0" />
  <testcase classname="CalculationTest" name="hitTriangleHBorder" time="0.0" />
  <testcase classname="CalculationTest" name="rSwitch" time="0.0" />
  <testcase classname="CalculationTest" name="missCircleFarBorder" time="0.0" />
  <testcase classname="CalculationTest" name="hitTriangle" time="0.0" />
  <testcase classname="CalculationTest" name="missRectangleTopBorder" time="0.0" />
  <testcase classname="CalculationTest" name="hitCircle" time="0.0" />
  <testcase classname="CalculationTest" name="missTriangleLowBorder" time="0.0" />
  <testcase classname="CalculationTest" name="missCircleArchBorder" time="0.001" />
  <testcase classname="CalculationTest" name="missCircleLowBorder" time="0.0" />
  <testcase classname="CalculationTest" name="hitRectangleFarTopBorder" time="0.001" />
  <testcase classname="CalculationTest" name="missTriangleTopBorder" time="0.0" />
  <system-out><![CDATA[]]></system-out>
  <system-err><![CDATA[]]></system-err>
</testsuite>
